[33mcommit 9ce1510099e61809856679c92a75fb1be520f1b0[m[33m ([m[1;36mHEAD -> [m[1;32mnewbranch[m[33m, [m[1;31morigin/newbranch[m[33m)[m
Author: konchada520 <64865093+konchada520@users.noreply.github.com>
Date:   Wed May 6 12:02:18 2020 -0500

    added 6th file to new branch

[33mcommit d2470f1f377b9dd79fdfd6b680639f8fd6499229[m[33m ([m[1;31morigin/master[m[33m, [m[1;32mmaster[m[33m)[m
Author: konchada520 <64865093+konchada520@users.noreply.github.com>
Date:   Wed May 6 11:53:30 2020 -0500

    added 5th file

[33mcommit 2a48ad602482adcd0d4184e1d9c7e5006e04cddd[m
Author: konchada520 <64865093+konchada520@users.noreply.github.com>
Date:   Wed May 6 11:44:09 2020 -0500

     this is my 4th file added

[33mcommit adc8d39a445d34b5b062f9153ebfc3e6305b2438[m
Author: konchada520 <64865093+konchada520@users.noreply.github.com>
Date:   Wed May 6 11:37:29 2020 -0500

    adding 3.txt

[33mcommit 5708836e049914d21756259b009f6458071aef30[m
Author: konchada520 <64865093+konchada520@users.noreply.github.com>
Date:   Wed May 6 11:35:58 2020 -0500

    modified 2.txt

[33mcommit dc151b2d309adb881b45ba6c627ea22c6fb570e4[m
Author: Kishore Konchada <Kishore_Konchada@bcbsil.com>
Date:   Tue May 5 14:05:10 2020 -0500

    Added files 1.txt and 2.txt
